<?xml version="1.0" encoding="UTF-8"?>
<testsuite xmlns:xsi="http://www.w3.org/2001/XMLSchema-instance" xsi:noNamespaceSchemaLocation="https://maven.apache.org/surefire/maven-surefire-plugin/xsd/surefire-test-report-3.0.xsd" version="3.0" name="com.example.playwright.tests.LoginTest" time="12.632" tests="1" errors="0" skipped="0" failures="0">
  <properties>
[...]
</properties>
  <testcase name="testLogin" classname="com.example.playwright.tests.LoginTest" time="4.606">
    <system-out><![CDATA[Navigating to Login Page...
Navigating to login page: https://animated-gingersnap-8cf7f2.netlify.app/
Performing login...
User is not logged in. Performing login...
Waiting for username field...
Username field found. Filling...
Waiting for password field...
Password field found. Filling...
Clicking login button...
Waiting for 3 seconds after login...
Verifying login success...
Login test passed: User successfully logged in and 'Web Application' is visible.
]]></system-out>
  </testcase>
</testsuite>